137
137
78
125
108
25
125
108
25
137
137
78
137
137
78
137
137
78
137
137
78
137
137
78
137
137
78
137
137
78
125
108
25
137
137
78
137
137
78
137
137
78
125
108
25
137
137
78
137
137
78
137
137
78
125
108
25
137
137
78
137
137
78
137
137
78
137
137
78
137
137
78
137
137
78
137
137
78
137
137
78
137
137
78
137
137
78
137
137
78
137
137
78
137
137
78
137
137
78
137
137
78
137
137
78
125
139
139
116
50
167
25
108
25
137
137
78
125
139
139
116
50
167
25
108
25
137
137
78
137
137
78
137
137
78
137
137
78
137
137
78
137
137
78
137
137
78
137
137
78
137
137
78
137
137
78
137
137
78
125
139
139
116
50
167
25
108
25
137
137
78
137
137
78
137
137
78
137
137
78
125
139
139
116
50
167
25
108
25
137
137
78
137
137
78
137
137
78
125
139
139
116
50
167
25
108
25
137
137
78
137
137
78
137
137
78
137
137
78
137
137
78
137
137
78
137
137
78
137
137
78
125
139
139
116
50
167
25
108
25
137
137
78
137
137
78
137
137
78
137
137
78
125
139
139
116
50
167
25
108
25
137
137
78
137
137
78
137
137
78
137
137
78
125
139
139
116
50
167
25
108
25
137
137
78
137
137
78
137
137
78
137
137
78
137
137
78
125
139
139
116
50
167
25
108
25
137
137
78
137
137
78
137
137
78
137
137
78
125
108
25
137
137
78
137
137
78
137
137
78
137
137
78
137
137
78
137
137
78
125
139
139
116
50
167
25
108
25
137
137
78
137
137
78
137
137
78
137
137
78
137
137
78
137
137
78
125
108
25
137
137
78
137
137
78
137
137
78
137
137
78
137
137
78
137
137
78
137
137
78
137
137
78
137
137
78
137
137
78
125
139
139
116
50
167
25
108
25
137
137
78
137
137
78
125
139
139
116
50
167
25
108
25
137
137
78
137
137
78
137
137
78
137
137
78
137
137
78
137
137
78
137
137
78
137
137
78
137
137
78
137
137
78
154
228
123
156
25
119
177
25
119
119
173
200
139
116
50
25
108
25
267
139
116
50
25
108
25
267
139
116
50
167
25
108
25
137
137
78
137
137
78
137
137
78
137
137
78
119
173
17
139
119
119
119
119
119
119
119
119
119
119
119
119
119
119
119
119
119
119
119
119
119
119
119
119
139
119
119
177
25
4316
4340
4418
4126
4296
4296
4121
4140
4296
4126
4353
4530
119
177
25
4473
4584
4473
4584
4473
4584
4473
4584
4473
4584
4473
4584
4473
4584
4473
4584
4473
4584
4584
4584
4584
4584
4584
20
4296
4296
173
17
17
17
17
178
154
154
178
116
66
173
173
119
177
25
119
177
25
173
173
173
173
119
177
177
177
25
119
177
177
25
114
4589
119
119
119
165
173
173
17
119
51
35
51
51
119
177
17
17
177
177
177
177
177
177
177
177
177
177
177
177
177
177
177
177
177
177
177
177
177
176
177
177
177
177
177
177
177
177
177
177
177
4589
119
177
25
35
177
177
177
177
177
177
177
177
177
177
177
144
116
50
108
116
143
116
200
25
25
267
142
17
119
142
142
139
142
142
142
139
116
142
116
50
25
108
25
267
116
50
167
25
108
25
137
137
78
137
137
78
137
137
78
137
137
78
137
137
78
137
137
78
137
137
78
119
8
144
17
139
116
50
25
108
25
267
139
37
50
25
108
25
267
116
50
108
151
116
200
25
25
267
142
4589
4655
4497
4419
4655
4655
130
124
156
25
119
123
1
25
119
177
25
4655
123
1
25
119
177
25
4655
4655
25
4655
119
73
25
4473
4584
4584
4473
4584
4473
4584
4473
4584
4584
4473
4584
4473
4584
4473
4584
4473
4584
4473
4584
4584
4473
4584
4473
4584
4473
4584
4473
4584
4473
4584
4473
4584
4473
4584
4473
4584
4473
4584
4473
4584
4473
4584
4473
4584
4473
4584
4473
4584
4473
4584
4473
4584
119
177
177
25
43
43
120
35
35
35
119
177
25
144
116
50
108
116
143
116
200
25
25
267
142
119
142
142
139
142
142
142
139
116
142
125
108
25
137
137
78
137
137
78
137
137
78
137
137
78
137
137
78
119
173
17
17
17
17
144
116
50
108
116
143
116
200
25
25
267
142
17
122
154
25
4589
4655
4655
130
124
156
25
119
123
1
25
119
177
25
4655
4655
25
4473
4584
4584
4473
4584
4473
4584
4473
4584
4584
4473
4584
4473
4584
4473
4584
4473
4584
4473
4584
4584
4473
4584
4473
4584
4473
4584
4473
4584
4473
4584
4473
4584
4473
4584
165
119
17
119
17
35
114
259
137
137
137
137
116
151
179
25
43
123
173
119
119
177
25
119
35
35
174
35
119
173
154
154
17
35
68
119
119
177
25
25
38
38
68
129
35
129
229
37
224
224
229
274
17
183
84
84
271
84
271
25
25
11
25
123
129
35
129
229
37
224
224
229
274
183
84
271
84
271
84
271
25
25
11
25
123
129
35
129
229
37
224
224
229
274
183
84
271
84
271
84
271
25
25
11
25
173
17
17
17
116
151
179
25
116
151
179
25
116
151
179
25
116
151
179
25
116
151
179
25
116
151
179
25
125
108
137
17
137
137
116
151
179
25
119
119
177
25
25
17
114
148
25
31
200
119
177
177
25
119
177
177
25
116
151
179
25
17
17
137
53
155
200
155
206
25
17
17
137
53
155
200
155
206
25
116
151
179
25
43
188
25
35
271
271
220
259
32
187
116
151
179
25
125
125
125
220
259
32
187
120
59
59
137
17
137
137
137
17
137
137
137
17
137
137
137
17
137
137
137
17
137
137
137
17
137
137
137
17
137
137
137
17
137
137
137
17
137
137
137
17
137
137
137
17
137
137
137
17
137
137
32
32
229
43
25
43
25
43
25
59
59
59
17
17
83
17
83
17
83
17
83
17
17
83
83
83
119
177
177
25
119
177
177
25
119
177
177
25
200
37
37
43
25
59
59
59
43
25
59
59
59
43
25
59
59
59
43
257
