025B75E0
01A2FFA0
0269FF80
025B9480
02761000
01A2FFA0
02766790
018D0250
018D0300
018D03B0
01811260
02A37720
02A37750
029EFC60
019D0880
019D0900
02A38590
019D0980
019D0A00
01A80C50
01A80CC0
02A6FFC0
02A6FFC0
029EC940
029EC940
02B09130
02B88CB0
02B88CE0
029E28C0
01A80DA0
01A80E10
02C10040
02C01960
02C01960
02C01370
029EE980
02D600B0
02D601E0
01A2C7C0
01A2C7C0
01912000
02F10040
02F10800
01B45B00
02B0E140
01811260
02B0E860
01811260
02B0ECE0
01811260
Anti-Debugging: Executable attempts block input.
Anti-Debugging: Executable attempts to switch desktop.
Anti-Debugging: Executable attempts to check for debugger via CheckRemoteDebuggerPresent 
Anti-Debugging: Executable attempts to check for debugger via SetUnhandledExceptionFilter 
Anti-Debugging: Executable attempts to check for debugger via isDebuggerPresent 
