137
137
78
137
137
78
125
108
25
137
137
78
125
108
25
137
137
78
137
137
78
125
108
25
137
137
78
137
137
78
137
137
78
137
137
78
137
137
78
137
137
78
125
108
25
137
137
78
137
137
78
137
137
78
137
137
78
137
137
78
137
137
78
137
137
78
137
137
78
125
139
139
116
50
167
25
108
25
137
137
78
137
137
78
137
137
78
137
137
78
125
139
139
116
50
167
25
108
25
137
137
78
137
137
78
137
137
78
137
137
78
154
228
123
156
25
119
177
25
119
173
200
139
116
50
25
108
25
267
139
116
50
25
108
25
267
139
116
50
167
25
108
25
137
137
78
137
137
78
137
137
78
137
137
78
119
173
139
119
119
119
119
119
119
119
119
119
119
119
119
139
119
119
177
25
4316
4340
4418
4126
4296
4296
4121
4140
4296
4126
4353
4530
119
177
25
4473
4584
4473
4584
4473
4584
4473
4584
4473
4584
4473
4584
4473
4584
4473
4584
4473
4584
4584
4584
4584
4584
4584
20
4296
4296
173
17
17
17
17
178
154
154
178
116
66
173
173
119
177
25
119
177
25
173
173
173
173
119
177
177
177
25
119
177
177
25
114
173
173
259
32
229
17
4638
143
4589
143
4589
4638
4638
143
143
143
143
143
143
143
130
124
156
25
119
227
119
143
143
143
143
143
41
143
143
143
143
143
247
25
143
143
143
119
177
177
25
143
143
143
143
41
247
25
143
143
41
247
25
143
143
41
247
25
119
177
177
35
119
177
111
177
119
177
177
119
119
177
177
177
25
119
177
177
17
177
25
119
177
177
177
25
119
177
177
177
25
119
177
177
177
25
119
177
177
17
177
25
119
177
177
177
25
119
177
177
177
25
119
177
177
177
25
119
177
177
177
25
119
177
177
17
177
25
119
177
177
177
25
119
177
177
177
25
119
177
177
177
25
119
177
177
17
177
25
119
177
177
177
25
25
271
35
119
177
111
177
119
177
119
119
177
177
177
177
177
177
177
177
177
177
177
177
25
119
177
177
177
177
177
177
177
177
177
177
177
177
25
119
177
177
177
177
177
177
177
177
177
177
177
177
25
119
177
177
177
177
177
177
177
177
177
177
177
177
25
25
271
25
173
173
119
177
25
17
68
143
143
143
143
17
17
143
143
143
143
143
143
17
173
50
108
267
108
83
267
108
267
108
267
108
267
108
267
108
267
108
267
108
267
108
267
108
267
108
267
108
267
108
267
108
267
108
267
108
267
108
267
108
267
108
267
108
267
108
267
108
267
108
267
108
267
108
267
108
267
108
267
108
267
108
267
108
267
108
267
108
267
108
267
108
267
108
267
108
267
108
267
108
267
108
267
108
267
108
267
108
267
108
267
108
267
25
143
143
119
143
143
143
143
17
143
125
139
139
116
50
167
25
108
25
137
137
78
137
137
78
119
143
143
143
143
143
143
143
143
143
129
123
173
119
119
177
25
119
35
35
174
35
119
173
154
154
35
68
119
119
177
25
25
38
38
68
129
35
129
229
37
224
224
229
274
183
84
271
84
271
84
271
25
25
11
25
17
173
17
173
83
143
143
122
154
186
25
143
122
154
186
186
186
186
154
186
186
186
186
25
143
122
154
186
186
186
186
186
186
186
186
186
186
186
186
186
186
154
186
186
186
186
25
143
122
154
186
186
186
186
186
186
186
186
186
186
186
186
186
186
186
186
186
186
186
186
186
186
186
186
186
186
186
186
186
186
186
186
186
186
186
186
186
186
186
186
186
186
186
186
186
186
186
186
186
186
186
186
186
186
186
186
186
186
186
186
186
186
186
186
186
186
186
186
186
186
154
186
186
186
186
25
143
122
154
186
186
186
186
186
186
186
186
186
186
186
186
186
186
186
186
186
186
186
186
186
186
186
186
186
186
186
186
186
186
186
186
186
154
186
186
186
186
25
143
122
154
186
186
186
186
186
186
186
186
186
186
186
186
186
186
186
186
186
186
186
186
186
186
186
186
186
186
186
186
186
186
186
186
186
186
186
186
186
186
186
186
186
186
186
186
186
186
186
186
186
186
186
186
186
186
186
186
186
186
186
186
186
186
186
186
186
186
186
154
186
186
186
186
25
143
122
154
186
186
186
186
186
186
186
186
186
186
186
186
186
186
186
186
186
186
186
154
186
186
186
186
25
143
122
154
186
186
186
186
186
186
186
186
186
186
186
186
186
186
186
186
186
186
186
186
186
186
186
186
186
186
186
186
186
186
186
186
186
186
186
186
186
186
186
186
186
186
186
186
186
186
186
186
186
186
186
186
154
186
186
186
186
25
143
122
154
186
186
186
186
186
186
186
186
186
186
186
186
186
186
186
186
186
186
186
186
186
186
186
186
186
186
186
186
186
186
186
186
186
186
186
186
186
186
186
186
186
186
186
186
186
186
186
154
186
186
186
186
25
143
122
154
186
186
186
186
186
186
186
186
186
186
186
186
186
186
186
186
186
186
186
186
186
186
186
186
186
186
186
186
186
186
186
186
186
186
186
186
186
186
186
186
186
186
186
186
186
186
186
186
186
186
186
186
186
186
186
186
186
186
186
186
186
186
186
186
186
186
186
186
186
186
186
186
186
186
186
186
186
186
186
186
186
186
186
186
186
186
186
186
186
186
186
186
186
186
186
186
186
186
186
186
186
186
186
186
186
186
186
186
186
186
186
186
186
186
186
186
186
186
186
186
186
186
186
186
186
186
186
186
186
186
186
186
186
186
186
186
186
186
186
186
186
186
186
186
186
186
186
186
186
186
186
186
186
186
186
186
186
186
186
186
186
186
186
186
186
186
154
186
186
186
186
25
143
122
154
186
186
186
186
186
186
186
186
186
186
186
186
186
186
186
186
186
186
186
186
186
186
186
186
186
186
186
186
186
186
186
186
186
186
154
186
186
186
186
25
143
122
154
186
186
186
186
186
186
186
186
186
186
186
186
186
186
186
186
186
186
186
186
186
186
186
186
186
186
186
186
186
186
186
186
186
186
186
186
186
186
186
186
186
186
186
186
186
154
186
186
186
186
25
143
122
154
186
186
186
186
186
186
186
186
186
186
186
186
186
186
186
186
186
186
186
186
186
186
186
186
186
186
186
186
186
186
186
186
186
186
186
186
186
186
186
186
186
186
186
186
186
186
186
186
186
186
186
186
186
186
186
186
186
186
186
186
186
186
186
186
186
186
186
186
186
186
186
186
186
186
186
186
186
186
186
186
186
186
186
186
186
186
186
186
186
186
186
186
186
186
186
186
186
186
186
186
186
186
154
186
186
186
186
25
143
122
154
186
186
186
186
186
186
186
186
186
186
186
186
186
186
186
186
186
186
186
186
186
186
186
186
186
186
186
186
186
186
186
186
186
186
186
186
186
186
186
186
186
186
186
186
186
186
186
186
186
186
186
186
186
186
186
186
186
186
186
186
186
186
186
186
186
186
186
154
186
186
186
186
25
143
122
154
186
186
186
186
186
186
186
186
186
186
186
186
186
186
186
186
186
186
186
186
186
186
186
186
186
186
186
186
186
186
186
186
186
186
186
186
186
154
186
186
186
186
25
143
122
154
186
186
186
186
186
186
186
186
186
186
186
186
186
186
186
186
186
186
186
186
186
186
186
186
186
186
186
186
186
186
186
154
186
186
186
186
25
143
122
154
186
186
186
186
186
186
186
186
186
186
186
186
186
186
186
186
186
186
186
186
186
186
186
186
186
186
186
186
186
186
186
186
186
186
186
186
186
186
186
186
186
186
186
186
186
186
186
186
186
186
186
186
186
186
186
186
186
186
186
186
186
186
186
186
186
186
186
186
186
186
186
186
186
186
186
186
186
186
154
186
186
186
186
25
143
122
154
186
186
186
186
186
186
186
186
186
186
186
186
186
186
186
186
186
186
186
186
186
186
186
186
186
154
186
186
186
186
25
143
122
154
186
186
186
186
186
186
186
186
186
186
186
186
186
186
186
186
186
186
186
186
186
186
186
186
186
186
186
154
186
186
186
186
25
143
122
154
186
186
186
186
186
186
186
186
186
186
186
186
186
186
186
186
186
186
186
186
186
186
186
186
186
186
186
186
186
186
186
186
186
186
186
186
154
186
186
186
186
25
143
122
154
186
186
186
186
186
186
186
186
186
186
186
186
186
186
186
186
186
186
186
186
186
186
186
186
186
186
186
186
186
186
186
186
186
186
186
186
186
186
186
154
186
186
186
186
25
143
122
154
186
186
186
186
186
186
186
186
186
186
186
186
186
186
186
186
186
186
186
186
186
186
186
186
186
186
186
186
186
186
186
186
186
186
186
186
186
186
186
186
186
186
186
186
186
186
186
186
186
186
186
186
186
186
186
186
186
154
186
186
186
186
25
143
122
154
186
186
186
186
186
186
186
186
186
186
186
186
186
186
186
186
186
186
186
186
186
186
186
186
186
186
186
186
186
154
186
186
186
186
25
143
122
154
186
186
186
186
186
186
186
186
186
186
186
186
186
186
186
186
186
186
186
186
186
186
186
186
186
186
186
186
186
186
186
186
186
186
186
186
186
186
186
186
186
186
186
186
186
186
186
186
186
186
186
186
186
186
186
186
186
186
186
186
186
186
186
186
186
186
186
186
186
186
186
186
186
186
186
186
186
186
186
186
186
186
186
186
186
186
186
186
186
186
186
186
186
186
186
186
186
186
186
186
186
186
186
186
186
154
186
186
186
186
25
143
122
154
186
186
186
186
186
186
186
186
186
186
186
186
186
186
186
186
186
186
186
186
154
186
186
186
186
25
143
122
154
186
186
186
186
186
186
186
186
186
186
186
186
186
186
186
186
186
186
186
186
186
186
186
186
186
186
186
186
186
186
186
186
186
186
186
186
186
186
186
186
186
186
154
186
186
186
186
25
143
122
154
186
186
186
186
186
186
186
186
186
186
186
186
186
186
186
186
186
186
186
186
186
186
186
186
186
186
186
186
186
186
186
186
186
186
186
154
186
186
186
186
25
143
122
154
186
186
186
186
186
186
186
186
186
186
186
186
186
186
186
186
186
186
186
186
186
186
186
186
186
186
186
186
186
186
186
186
186
186
186
186
186
154
186
186
186
186
25
143
122
154
186
186
186
186
186
186
186
186
186
186
186
186
186
186
186
186
186
186
186
186
186
186
186
186
186
186
186
186
186
186
186
186
186
186
186
186
154
186
186
186
186
25
143
122
154
186
186
186
186
186
186
186
186
186
186
186
186
186
186
186
186
186
186
186
186
186
186
186
186
186
186
186
186
186
186
186
186
186
186
186
186
186
186
186
186
186
186
186
186
186
186
186
186
186
186
186
186
186
186
186
186
186
186
186
186
186
186
186
186
186
186
186
186
186
186
186
186
186
186
186
186
186
186
186
186
186
186
186
186
186
186
186
186
186
186
186
186
186
186
186
186
186
186
186
186
186
186
186
186
186
186
186
186
186
186
186
186
186
186
186
186
186
186
186
186
186
186
186
186
186
186
186
186
186
186
186
186
186
186
186
186
186
186
186
186
186
186
186
186
186
186
186
186
186
186
186
186
186
186
186
186
186
186
186
186
186
186
186
186
186
186
186
186
186
186
186
186
186
186
186
186
186
186
186
186
186
186
186
186
186
186
186
186
186
186
186
186
154
186
186
186
186
25
143
122
154
186
186
186
186
186
186
186
186
186
186
186
186
186
186
186
186
186
186
186
186
186
154
186
186
186
186
25
143
122
154
186
186
186
186
186
186
186
186
186
186
186
186
186
186
186
186
186
186
186
186
186
186
186
186
186
186
186
186
154
186
186
186
186
25
143
122
154
186
186
186
186
186
186
186
186
186
186
186
186
186
186
186
186
186
186
186
186
186
186
186
186
186
186
186
186
186
186
186
186
186
186
186
186
186
186
154
186
186
186
186
25
143
122
154
186
186
186
186
186
186
186
186
186
186
186
186
186
186
186
186
186
186
186
186
186
186
186
186
186
186
154
186
186
186
186
25
143
122
154
186
186
186
186
186
186
186
186
186
186
186
154
186
186
186
186
25
143
122
154
186
186
186
186
186
186
186
186
186
154
186
186
186
186
25
143
122
154
186
186
186
186
186
186
186
186
186
186
186
186
186
186
186
186
186
186
186
186
186
186
186
186
186
186
186
186
186
186
186
186
186
186
154
186
186
186
186
25
143
122
154
186
186
186
186
186
186
186
186
154
186
186
186
186
25
143
122
154
186
186
186
186
186
186
186
186
186
154
186
186
186
186
25
143
122
154
186
186
186
186
186
186
186
186
186
186
186
186
186
186
186
186
186
186
154
186
186
186
186
25
143
122
154
186
186
186
186
186
186
186
186
186
186
154
186
186
186
186
25
143
122
143
143
143
41
247
25
143
143
143
41
247
25
59
143
143
143
119
177
177
25
143
143
143
143
41
247
25
143
143
143
119
177
177
25
143
4474
143
143
143
119
177
25
59
37
37
37
151
151
151
151
151
151
37
179
151
179
224
50
108
25
274
267
224
25
25
143
143
143
41
247
25
143
143
143
41
247
25
143
143
143
143
41
247
25
143
143
143
143
41
247
25
152
139
139
116
50
179
271
188
139
116
50
25
108
25
267
139
116
50
167
25
108
25
137
137
78
137
137
78
119
37
151
50
108
151
37
173
154
119
119
177
25
37
116
145
25
154
228
139
116
145
25
116
145
25
116
145
25
154
228
154
119
130
124
156
25
119
119
154
228
139
116
145
25
116
145
25
116
145
25
154
228
271
179
151
151
188
267
25
25
129
123
156
119
129
123
69
25
1
25
119
160
25
130
124
156
25
119
119
25
127
170
25
179
151
154
228
139
116
145
25
116
145
25
116
145
25
154
228
151
50
108
25
267
119
177
25
156
69
1
1
25
156
156
25
167
119
173
48
228
154
186
116
186
186
142
154
17
17
277
17
277
277
277
83
17
17
137
53
200
206
25
25
4549
4549
4549
257
