SYSTEM\Setup
SYSTEM\Setup
SystemSetupInProgress
SystemSetupInProgress
Control Panel\Desktop
Control Panel\Desktop
SmoothScroll
SmoothScroll
software\Microsoft\Windows\CurrentVersion\Explorer\Advanced
software\Microsoft\Windows\CurrentVersion\Explorer\Advanced
EnableBalloonTips
EnableBalloonTips
Software\Microsoft\Windows NT\CurrentVersion\LanguagePack
Software\Microsoft\Windows NT\CurrentVersion\LanguagePack
Control Panel\Desktop
Control Panel\Desktop
SmoothScroll
SmoothScroll
Software\Microsoft\Windows\CurrentVersion
Software\Microsoft\Windows\CurrentVersion
ProgramFilesDir
ProgramFilesDir
