========================= Anti-Debug: NtGlobalFlags technique =========================
0x7C90FF21 8B 40 30          mov eax, dword ptr [eax+0x30]
0x7C90FF24 8B 40 68          mov eax, dword ptr [eax+0x68]

========================= Anti-Debug:  HeapFlag technique =========================
0x7C911FB6 8B 40 10          mov eax, dword ptr [eax+0x10]
0x7C911FB9 83 78 10 00         cmp dword ptr [eax+0x10], 0x0

========================= Anti-VM: SIDT/Redpill technique =========================
0x00404A48 0F 01 4D F4         sidt ptr [ebp-0xc]

========================= Anti-VM: SLDT technique =========================
0x00404A77 0F 00 45 F4         sldt word ptr [ebp-0xc]
0x00404A7B 81 7D F4 00 00 AD DE      cmp dword ptr [ebp-0xc], 0xdead0000

========================= Anti-VM: SMSW technique =========================
0x00404A94 B8 CC CC CC CC        mov eax, 0xcccccccc
0x00404A99 0F 01 E0          smsw eax

========================= Anti-VM: IN technique =========================
0x00404C05 ED            in eax, dx
0x00404C06 81 FB 68 58 4D 56       cmp ebx, 0x564d5868

========================= Anti-VM: IN technique =========================
0x00404C05 ED            in eax, dx
0x00404C06 81 FB 68 58 4D 56       cmp ebx, 0x564d5868

